<?xml version="1.0" encoding="UTF-8"?>
<!-- Generated by org.testng.reporters.JUnitReportReporter -->
<testsuite hostname="LAPTOP-6U57ATUB" failures="0" tests="1" name="testscripts.AddtoCart" time="8.910" errors="0" timestamp="2024-04-09T23:24:51 BST" skipped="0">
  <testcase classname="testscripts.AddtoCart" name="AddtoCart" time="8.910"/>
</testsuite> <!-- testscripts.AddtoCart -->
