<?xml version="1.0" encoding="UTF-8"?>
<!-- Generated by org.testng.reporters.JUnitReportReporter -->
<testsuite hostname="LAPTOP-6U57ATUB" failures="0" tests="1" name="testscripts.DemoTest_Test" time="1.674" errors="0" timestamp="2024-04-16T20:56:37 BST" skipped="0">
  <testcase classname="testscripts.DemoTest_Test" name="AddtoCart" time="1.674">
    <system-out>
      <![CDATA[Script_01]]>
    </system-out>
  </testcase> <!-- AddtoCart -->
  <system-out>
    <![CDATA[Script_01]]>
  </system-out>
</testsuite> <!-- testscripts.DemoTest_Test -->
