<?xml version="1.0" encoding="UTF-8"?>
<!-- Generated by org.testng.reporters.JUnitReportReporter -->
<testsuite hostname="LAPTOP-6U57ATUB" failures="0" tests="1" name="testscripts.DemoTest" time="1.910" errors="0" timestamp="2024-04-11T20:52:43 BST" skipped="0">
  <testcase classname="testscripts.DemoTest" name="Test" time="1.910"/>
</testsuite> <!-- testscripts.DemoTest -->
