<?xml version="1.0" encoding="UTF-8"?>
<!-- Generated by org.testng.reporters.JUnitReportReporter -->
<testsuite hostname="LAPTOP-6U57ATUB" failures="0" tests="1" name="testscripts.AddtoCart_Test" time="12.175" errors="0" timestamp="2024-04-16T20:55:43 BST" skipped="0">
  <testcase classname="testscripts.AddtoCart_Test" name="AddtoCart" time="12.175"/>
</testsuite> <!-- testscripts.AddtoCart_Test -->
